# JRE version: OpenJDK Runtime Environment Temurin-17.0.7+7 (17.0.7+7) (build 17.0.7+7)
# Java VM: OpenJDK 64-Bit Server VM Temurin-17.0.7+7 (17.0.7+7, mixed mode, sharing, tiered, compressed oops, compressed class ptrs, g1 gc, windows-amd64)
GC Precious Log:
 CPUs: 16 total, 16 available
 Memory: 32654M
 Large Page Support: Disabled
 NUMA Support: Disabled
 Compressed Oops: Enabled (Zero based)
 Heap Region Size: 2M
 Heap Min Capacity: 512M
 Heap Initial Capacity: 512M
 Heap Max Capacity: 4072M
 Pre-touch: Disabled
 Parallel Workers: 13
 Concurrent Workers: 3
 Concurrent Refinement Workers: 13
 Periodic GC: Disabled
 String Deduplication is enabled
Heap:
 garbage-first heap   total 524288K, used 172605K [0x0000000701800000, 0x0000000800000000)
  region size 2048K, 21 young (43008K), 0 survivors (0K)
 Metaspace       used 109145K, committed 109952K, reserved 1179648K
  class space    used 15608K, committed 16128K, reserved 1048576K
GC Heap History (20 events):
Event: 6021.649 GC heap before
{Heap before GC invocations=670 (full 282):
 garbage-first heap   total 524288K, used 208290K [0x0000000701800000, 0x0000000800000000)
  region size 2048K, 40 young (81920K), 3 survivors (6144K)
 Metaspace       used 109092K, committed 109888K, reserved 1179648K
  class space    used 15602K, committed 16128K, reserved 1048576K
}
Event: 6021.651 GC heap after
{Heap after GC invocations=671 (full 282):
 garbage-first heap   total 524288K, used 132773K [0x0000000701800000, 0x0000000800000000)
  region size 2048K, 3 young (6144K), 3 survivors (6144K)
 Metaspace       used 109092K, committed 109888K, reserved 1179648K
  class space    used 15602K, committed 16128K, reserved 1048576K
}
Event: 6023.248 GC heap before
{Heap before GC invocations=671 (full 282):
 garbage-first heap   total 524288K, used 208549K [0x0000000701800000, 0x0000000800000000)
  region size 2048K, 40 young (81920K), 3 survivors (6144K)
 Metaspace       used 109094K, committed 109888K, reserved 1179648K
  class space    used 15602K, committed 16128K, reserved 1048576K
}
Event: 6023.250 GC heap after
{Heap after GC invocations=672 (full 282):
 garbage-first heap   total 524288K, used 133107K [0x0000000701800000, 0x0000000800000000)
  region size 2048K, 3 young (6144K), 3 survivors (6144K)
 Metaspace       used 109094K, committed 109888K, reserved 1179648K
  class space    used 15602K, committed 16128K, reserved 1048576K
}
Event: 6023.683 GC heap before
{Heap before GC invocations=672 (full 282):
 garbage-first heap   total 524288K, used 208883K [0x0000000701800000, 0x0000000800000000)
  region size 2048K, 40 young (81920K), 3 survivors (6144K)
 Metaspace       used 109095K, committed 109888K, reserved 1179648K
  class space    used 15602K, committed 16128K, reserved 1048576K
}
Event: 6023.685 GC heap after
{Heap after GC invocations=673 (full 282):
 garbage-first heap   total 524288K, used 133055K [0x0000000701800000, 0x0000000800000000)
  region size 2048K, 1 young (2048K), 1 survivors (2048K)
 Metaspace       used 109095K, committed 109888K, reserved 1179648K
  class space    used 15602K, committed 16128K, reserved 1048576K
}
Event: 6024.461 GC heap before
{Heap before GC invocations=673 (full 282):
 garbage-first heap   total 524288K, used 212927K [0x0000000701800000, 0x0000000800000000)
  region size 2048K, 40 young (81920K), 1 survivors (2048K)
 Metaspace       used 109102K, committed 109888K, reserved 1179648K
  class space    used 15602K, committed 16128K, reserved 1048576K
}
Event: 6024.462 GC heap after
{Heap after GC invocations=674 (full 282):
 garbage-first heap   total 524288K, used 132826K [0x0000000701800000, 0x0000000800000000)
  region size 2048K, 1 young (2048K), 1 survivors (2048K)
 Metaspace       used 109102K, committed 109888K, reserved 1179648K
  class space    used 15602K, committed 16128K, reserved 1048576K
}
Event: 6024.854 GC heap before
{Heap before GC invocations=674 (full 282):
 garbage-first heap   total 524288K, used 212698K [0x0000000701800000, 0x0000000800000000)
  region size 2048K, 40 young (81920K), 1 survivors (2048K)
 Metaspace       used 109103K, committed 109888K, reserved 1179648K
  class space    used 15602K, committed 16128K, reserved 1048576K
}
Event: 6024.855 GC heap after
{Heap after GC invocations=675 (full 282):
 garbage-first heap   total 524288K, used 132820K [0x0000000701800000, 0x0000000800000000)
  region size 2048K, 1 young (2048K), 1 survivors (2048K)
 Metaspace       used 109103K, committed 109888K, reserved 1179648K
  class space    used 15602K, committed 16128K, reserved 1048576K
}
Event: 6025.241 GC heap before
{Heap before GC invocations=675 (full 282):
 garbage-first heap   total 524288K, used 212692K [0x0000000701800000, 0x0000000800000000)
  region size 2048K, 40 young (81920K), 1 survivors (2048K)
 Metaspace       used 109103K, committed 109888K, reserved 1179648K
  class space    used 15602K, committed 16128K, reserved 1048576K
}
Event: 6025.243 GC heap after
{Heap after GC invocations=676 (full 282):
 garbage-first heap   total 524288K, used 132798K [0x0000000701800000, 0x0000000800000000)
  region size 2048K, 1 young (2048K), 1 survivors (2048K)
 Metaspace       used 109103K, committed 109888K, reserved 1179648K
  class space    used 15602K, committed 16128K, reserved 1048576K
}
Event: 6027.495 GC heap before
{Heap before GC invocations=676 (full 282):
 garbage-first heap   total 524288K, used 212670K [0x0000000701800000, 0x0000000800000000)
  region size 2048K, 40 young (81920K), 1 survivors (2048K)
 Metaspace       used 109105K, committed 109888K, reserved 1179648K
  class space    used 15602K, committed 16128K, reserved 1048576K
}
Event: 6027.496 GC heap after
{Heap after GC invocations=677 (full 282):
 garbage-first heap   total 524288K, used 132916K [0x0000000701800000, 0x0000000800000000)
  region size 2048K, 1 young (2048K), 1 survivors (2048K)
 Metaspace       used 109105K, committed 109888K, reserved 1179648K
  class space    used 15602K, committed 16128K, reserved 1048576K
}
Event: 6027.973 GC heap before
{Heap before GC invocations=677 (full 282):
 garbage-first heap   total 524288K, used 212788K [0x0000000701800000, 0x0000000800000000)
  region size 2048K, 40 young (81920K), 1 survivors (2048K)
 Metaspace       used 109122K, committed 109952K, reserved 1179648K
  class space    used 15602K, committed 16128K, reserved 1048576K
}
Event: 6027.975 GC heap after
{Heap after GC invocations=678 (full 282):
 garbage-first heap   total 524288K, used 135471K [0x0000000701800000, 0x0000000800000000)
  region size 2048K, 2 young (4096K), 2 survivors (4096K)
 Metaspace       used 109122K, committed 109952K, reserved 1179648K
  class space    used 15602K, committed 16128K, reserved 1048576K
}
Event: 6036.945 GC heap before
{Heap before GC invocations=678 (full 282):
 garbage-first heap   total 524288K, used 217391K [0x0000000701800000, 0x0000000800000000)
  region size 2048K, 40 young (81920K), 2 survivors (4096K)
 Metaspace       used 109130K, committed 109952K, reserved 1179648K
  class space    used 15602K, committed 16128K, reserved 1048576K
}
Event: 6036.947 GC heap after
{Heap after GC invocations=679 (full 282):
 garbage-first heap   total 524288K, used 140738K [0x0000000701800000, 0x0000000800000000)
  region size 2048K, 3 young (6144K), 3 survivors (6144K)
 Metaspace       used 109130K, committed 109952K, reserved 1179648K
  class space    used 15602K, committed 16128K, reserved 1048576K
}
Event: 6045.128 GC heap before
{Heap before GC invocations=679 (full 282):
 garbage-first heap   total 524288K, used 181698K [0x0000000701800000, 0x0000000800000000)
  region size 2048K, 24 young (49152K), 3 survivors (6144K)
 Metaspace       used 109132K, committed 109952K, reserved 1179648K
  class space    used 15602K, committed 16128K, reserved 1048576K
}
Event: 6045.190 GC heap after
{Heap after GC invocations=680 (full 283):
 garbage-first heap   total 524288K, used 131645K [0x0000000701800000, 0x0000000800000000)
  region size 2048K, 0 young (0K), 0 survivors (0K)
 Metaspace       used 109132K, committed 109952K, reserved 1179648K
  class space    used 15602K, committed 16128K, reserved 1048576K
}

